2022-09-13 20:01:15 100 301
2022-09-13 20:21:20 100 301
2022-09-13 20:41:34 100 301
2022-09-13 21:01:17 100 301
2022-09-13 21:21:35 100 301
2022-09-13 21:41:17 100 301
2022-09-13 22:01:15 100 301
2022-09-13 22:21:29 100 301
2022-09-13 22:41:28 200 706
2022-09-13 23:01:59 200 713
2022-09-13 23:21:34 220 773
2022-09-13 23:41:50 220 773
2022-09-14 08:01:45 312 1120
2022-09-14 08:21:31 312 1120
2022-09-14 08:42:41 345 1263
2022-09-14 09:02:03 345 1263
2022-09-14 09:21:54 348 1273
2022-09-14 09:42:19 355 1310
2022-09-14 10:01:49 355 1310
2022-09-14 10:22:26 355 1310
2022-09-14 10:42:07 415 1513
2022-09-14 11:02:30 416 1533
2022-09-14 11:22:36 430 1599
2022-09-14 11:41:47 500 1898
2022-09-14 12:02:18 514 1952
2022-09-14 12:21:34 514 1952
2022-09-14 12:41:43 514 1952
2022-09-14 13:01:35 550 2049
2022-09-14 13:21:47 573 2129
2022-09-14 13:41:49 575 2140
2022-09-14 14:02:40 585 2182
2022-09-14 14:21:31 599 2222
2022-09-14 14:41:50 599 2222
2022-09-14 15:01:36 599 2222
2022-09-14 15:22:23 599 2222
2022-09-14 15:41:15 637 2366
2022-09-14 16:01:35 639 2376
2022-09-14 16:21:33 639 2376
2022-09-14 16:41:24 639 2376
2022-09-14 17:01:37 639 2376
2022-09-14 17:21:40 639 2376
2022-09-14 17:41:34 640 2384
2022-09-14 18:01:39 640 2384
2022-09-14 18:21:26 669 2581
2022-09-14 18:41:33 669 2581
2022-09-14 19:01:24 669 2581
2022-09-14 19:21:42 681 2634
2022-09-14 19:41:33 681 2634
2022-09-14 20:01:33 681 2634
2022-09-14 20:21:36 681 2634
2022-09-14 20:41:52 698 2673
2022-09-14 21:01:39 698 2673
2022-09-14 21:21:33 708 2717
2022-09-14 21:41:30 712 2736
2022-09-14 22:01:24 712 2736
2022-09-14 22:21:36 712 2736
2022-09-14 22:41:23 712 2736
2022-09-14 23:01:48 731 2823
2022-09-14 23:22:20 731 2823
2022-09-14 23:42:11 731 2823
